<?xml version="1.0" encoding="utf-8"?><testsuites name="pytest tests"><testsuite name="pytest" errors="0" failures="0" skipped="0" tests="23" time="3.748" timestamp="2026-09-18T11:19:16.096967+00:00" hostname="agent-env-36b9a029-fb70-4769-878c-f6b1bb3c3980"><testcase classname="tests.test_aggio" name="test_aggio_pct_default_present" time="0.248" /><testcase classname="tests.backend_test" name="test_root" time="0.245" /><testcase classname="tests.backend_test" name="test_dashboard" time="0.072" /><testcase classname="tests.test_aggio" name="test_dashboard_kpi_has_aggio_and_margine" time="0.071" /><testcase classname="tests.backend_test" name="test_pivot" time="0.084" /><testcase classname="tests.test_aggio" name="test_pivot_kpi_consistent" time="0.095" /><testcase classname="tests.backend_test" name="test_parametri_list" time="0.063" /><testcase classname="tests.test_aggio" name="test_aggio_recompute_015" time="0.405" /><testcase classname="tests.backend_test" name="test_auto_order_pdf" time="0.395" /><testcase classname="tests.backend_test" name="test_prodotti_limit" time="0.065" /><testcase classname="tests.backend_test" name="test_vending" time="0.066" /><testcase classname="tests.backend_test" name="test_auto_order" time="0.289" /><testcase classname="tests.backend_test" name="test_parametri_put_soglia" time="0.187" /><testcase classname="tests.backend_test" name="test_vendite_bulk" time="0.196" /><testcase classname="tests.backend_test" name="test_vendite_csv_vending" time="0.068" /><testcase classname="tests.backend_test" name="test_ordini_bulk" time="0.210" /><testcase classname="tests.backend_test" name="test_sec002_prodotti_regex_escape" time="0.061" /><testcase classname="tests.backend_test" name="test_sec002_listino_regex_escape" time="0.072" /><testcase classname="tests.backend_test" name="test_sec002_vendite_giorno_regex" time="0.062" /><testcase classname="tests.backend_test" name="test_p3_limit_cap" time="0.073" /><testcase classname="tests.backend_test" name="test_p3_pdf_xml_injection" time="0.254" /><testcase classname="tests.backend_test" name="test_sec003_upload_size_413" time="0.879" /><testcase classname="tests.backend_test" name="test_cors_still_works" time="0.060" /></testsuite></testsuites>