<?xml version="1.0" encoding="utf-8"?><testsuites name="pytest tests"><testsuite name="pytest" errors="0" failures="1" skipped="0" tests="9" time="2.005" timestamp="2026-09-18T09:22:57.904748+00:00" hostname="agent-env-36b9a029-fb70-4769-878c-f6b1bb3c3980"><testcase classname="tests.backend_test" name="test_root" time="0.257" /><testcase classname="tests.backend_test" name="test_dashboard" time="0.085"><failure message="AssertionError: assert 0 &gt; 0&#10; +  where 0 = &lt;built-in method get of dict object at 0xfce9a2256800&gt;('prodotti_totali', 0)&#10; +    where &lt;built-in method get of dict object at 0xfce9a2256800&gt; = {'kpi': {'valore_acquistato': 162974.9, 'valore_venduto': 145245.8, 'valore_giacenza': 24148.1, 'pezzi_magazzino': 4412, ...}, 'vendite_oggi': {'importo': 0, 'pezzi': 0}, 'saldo_cassa': 100.0, 'vending_da_caricare': 3, ...}.get">backend/tests/backend_test.py:31: in test_dashboard
    assert d.get("prodotti_totali", 0) &gt; 0
E   AssertionError: assert 0 &gt; 0
E    +  where 0 = &lt;built-in method get of dict object at 0xfce9a2256800&gt;('prodotti_totali', 0)
E    +    where &lt;built-in method get of dict object at 0xfce9a2256800&gt; = {'kpi': {'valore_acquistato': 162974.9, 'valore_venduto': 145245.8, 'valore_giacenza': 24148.1, 'pezzi_magazzino': 4412, ...}, 'vendite_oggi': {'importo': 0, 'pezzi': 0}, 'saldo_cassa': 100.0, 'vending_da_caricare': 3, ...}.get</failure></testcase><testcase classname="tests.backend_test" name="test_prodotti_limit" time="0.070" /><testcase classname="tests.backend_test" name="test_vending" time="0.071" /><testcase classname="tests.backend_test" name="test_auto_order" time="0.271" /><testcase classname="tests.backend_test" name="test_parametri_put_soglia" time="0.199" /><testcase classname="tests.backend_test" name="test_vendite_bulk" time="0.203" /><testcase classname="tests.backend_test" name="test_vendite_csv_vending" time="0.076" /><testcase classname="tests.backend_test" name="test_ordini_bulk" time="0.202" /></testsuite></testsuites>