<?xml version="1.0" encoding="utf-8"?><testsuites name="pytest tests"><testsuite name="pytest" errors="0" failures="0" skipped="0" tests="12" time="2.190" timestamp="2026-09-18T10:25:16.824220+00:00" hostname="agent-env-36b9a029-fb70-4769-878c-f6b1bb3c3980"><testcase classname="tests.backend_test" name="test_root" time="0.192" /><testcase classname="tests.backend_test" name="test_dashboard" time="0.069" /><testcase classname="tests.backend_test" name="test_pivot" time="0.085" /><testcase classname="tests.backend_test" name="test_parametri_list" time="0.060" /><testcase classname="tests.backend_test" name="test_auto_order_pdf" time="0.514" /><testcase classname="tests.backend_test" name="test_prodotti_limit" time="0.062" /><testcase classname="tests.backend_test" name="test_vending" time="0.059" /><testcase classname="tests.backend_test" name="test_auto_order" time="0.237" /><testcase classname="tests.backend_test" name="test_parametri_put_soglia" time="0.172" /><testcase classname="tests.backend_test" name="test_vendite_bulk" time="0.181" /><testcase classname="tests.backend_test" name="test_vendite_csv_vending" time="0.064" /><testcase classname="tests.backend_test" name="test_ordini_bulk" time="0.177" /></testsuite></testsuites>